
> portfolio-web@0.1.0 build
> next build

▲ Next.js 16.1.6 (Turbopack)

  Creating an optimized production build ...
✓ Compiled successfully in 3.7s
  Running TypeScript ...
  Collecting page data using 11 workers ...
  Generating static pages using 11 workers (0/9) ...
  Generating static pages using 11 workers (2/9) 
  Generating static pages using 11 workers (4/9) 
  Generating static pages using 11 workers (6/9) 
✓ Generating static pages using 11 workers (9/9) in 1022.5ms
  Finalizing page optimization ...

Route (app)
┌ ○ /
├ ○ /_not-found
├ ○ /about
├ ○ /contact
├ ○ /project
├ ○ /resume
└ ○ /skill


○  (Static)  prerendered as static content


